<?xml version="1.0" encoding="UTF-8"?>
<!-- Generated by org.testng.reporters.JUnitReportReporter -->
<testsuite hostname="Manoj-PC" failures="0" tests="1" name="testCases.TC001_AccountResgistartionTest" time="6.432" errors="0" timestamp="2024-10-02T11:44:29 IST" skipped="0">
  <testcase classname="testCases.TC001_AccountResgistartionTest" name="verify_Accountregistration" time="6.432"/>
</testsuite> <!-- testCases.TC001_AccountResgistartionTest -->
